<?xml version="1.0" encoding="UTF-8"?>
<!-- Generated by org.testng.reporters.JUnitReportReporter -->
<testsuite hostname="TBISB6666LT210" name="org.brit.tests.PetClassWithRequestSpec" tests="5" failures="0" timestamp="17 Jul 2020 07:01:51 GMT" time="9.370" errors="0">
  <testcase name="addNewPet" time="3.685" classname="org.brit.tests.PetClassWithRequestSpec"/>
  <testcase name="getPetByIdAndDoCheck" time="1.199" classname="org.brit.tests.PetClassWithRequestSpec"/>
  <testcase name="updateExistingPet" time="1.719" classname="org.brit.tests.PetClassWithRequestSpec"/>
  <testcase name="getPetsByStatus" time="1.986" classname="org.brit.tests.PetClassWithRequestSpec"/>
  <testcase name="getPetById" time="0.781" classname="org.brit.tests.PetClassWithRequestSpec"/>
</testsuite> <!-- org.brit.tests.PetClassWithRequestSpec -->
